Determining if the Q_WS_WIN exist failed with the following output:
Change Dir: /home/harit/workspace/gsoc16/robocomp/components/prp/components/CNNOD/CMakeFiles/CMakeTmp

Run Build Command:/usr/bin/make "cmTryCompileExec424373380/fast"
/usr/bin/make -f CMakeFiles/cmTryCompileExec424373380.dir/build.make CMakeFiles/cmTryCompileExec424373380.dir/build
make[1]: Entering directory `/home/harit/workspace/gsoc16/robocomp/components/prp/components/CNNOD/CMakeFiles/CMakeTmp'
/usr/bin/cmake -E cmake_progress_report /home/harit/workspace/gsoc16/robocomp/components/prp/components/CNNOD/CMakeFiles/CMakeTmp/CMakeFiles 1
Building CXX object CMakeFiles/cmTryCompileExec424373380.dir/CheckSymbolExists.cxx.o
/usr/bin/c++    -I/usr/include/qt4    -o CMakeFiles/cmTryCompileExec424373380.dir/CheckSymbolExists.cxx.o -c /home/harit/workspace/gsoc16/robocomp/components/prp/components/CNNOD/CMakeFiles/CMakeTmp/CheckSymbolExists.cxx
/home/harit/workspace/gsoc16/robocomp/components/prp/components/CNNOD/CMakeFiles/CMakeTmp/CheckSymbolExists.cxx: In function ‘int main(int, char**)’:
/home/harit/workspace/gsoc16/robocomp/components/prp/components/CNNOD/CMakeFiles/CMakeTmp/CheckSymbolExists.cxx:8:19: error: ‘Q_WS_WIN’ was not declared in this scope
   return ((int*)(&Q_WS_WIN))[argc];
                   ^
make[1]: *** [CMakeFiles/cmTryCompileExec424373380.dir/CheckSymbolExists.cxx.o] Error 1
make[1]: Leaving directory `/home/harit/workspace/gsoc16/robocomp/components/prp/components/CNNOD/CMakeFiles/CMakeTmp'
make: *** [cmTryCompileExec424373380/fast] Error 2

File /home/harit/workspace/gsoc16/robocomp/components/prp/components/CNNOD/CMakeFiles/CMakeTmp/CheckSymbolExists.cxx:
/* */
#include <QtCore/qglobal.h>

int main(int argc, char** argv)
{
  (void)argv;
#ifndef Q_WS_WIN
  return ((int*)(&Q_WS_WIN))[argc];
#else
  (void)argc;
  return 0;
#endif
}

Determining if the Q_WS_QWS exist failed with the following output:
Change Dir: /home/harit/workspace/gsoc16/robocomp/components/prp/components/CNNOD/CMakeFiles/CMakeTmp

Run Build Command:/usr/bin/make "cmTryCompileExec3923220961/fast"
/usr/bin/make -f CMakeFiles/cmTryCompileExec3923220961.dir/build.make CMakeFiles/cmTryCompileExec3923220961.dir/build
make[1]: Entering directory `/home/harit/workspace/gsoc16/robocomp/components/prp/components/CNNOD/CMakeFiles/CMakeTmp'
/usr/bin/cmake -E cmake_progress_report /home/harit/workspace/gsoc16/robocomp/components/prp/components/CNNOD/CMakeFiles/CMakeTmp/CMakeFiles 1
Building CXX object CMakeFiles/cmTryCompileExec3923220961.dir/CheckSymbolExists.cxx.o
/usr/bin/c++    -I/usr/include/qt4    -o CMakeFiles/cmTryCompileExec3923220961.dir/CheckSymbolExists.cxx.o -c /home/harit/workspace/gsoc16/robocomp/components/prp/components/CNNOD/CMakeFiles/CMakeTmp/CheckSymbolExists.cxx
/home/harit/workspace/gsoc16/robocomp/components/prp/components/CNNOD/CMakeFiles/CMakeTmp/CheckSymbolExists.cxx: In function ‘int main(int, char**)’:
/home/harit/workspace/gsoc16/robocomp/components/prp/components/CNNOD/CMakeFiles/CMakeTmp/CheckSymbolExists.cxx:8:19: error: ‘Q_WS_QWS’ was not declared in this scope
   return ((int*)(&Q_WS_QWS))[argc];
                   ^
make[1]: *** [CMakeFiles/cmTryCompileExec3923220961.dir/CheckSymbolExists.cxx.o] Error 1
make[1]: Leaving directory `/home/harit/workspace/gsoc16/robocomp/components/prp/components/CNNOD/CMakeFiles/CMakeTmp'
make: *** [cmTryCompileExec3923220961/fast] Error 2

File /home/harit/workspace/gsoc16/robocomp/components/prp/components/CNNOD/CMakeFiles/CMakeTmp/CheckSymbolExists.cxx:
/* */
#include <QtCore/qglobal.h>

int main(int argc, char** argv)
{
  (void)argv;
#ifndef Q_WS_QWS
  return ((int*)(&Q_WS_QWS))[argc];
#else
  (void)argc;
  return 0;
#endif
}

Determining if the Q_WS_MAC exist failed with the following output:
Change Dir: /home/harit/workspace/gsoc16/robocomp/components/prp/components/CNNOD/CMakeFiles/CMakeTmp

Run Build Command:/usr/bin/make "cmTryCompileExec1382748541/fast"
/usr/bin/make -f CMakeFiles/cmTryCompileExec1382748541.dir/build.make CMakeFiles/cmTryCompileExec1382748541.dir/build
make[1]: Entering directory `/home/harit/workspace/gsoc16/robocomp/components/prp/components/CNNOD/CMakeFiles/CMakeTmp'
/usr/bin/cmake -E cmake_progress_report /home/harit/workspace/gsoc16/robocomp/components/prp/components/CNNOD/CMakeFiles/CMakeTmp/CMakeFiles 1
Building CXX object CMakeFiles/cmTryCompileExec1382748541.dir/CheckSymbolExists.cxx.o
/usr/bin/c++    -I/usr/include/qt4    -o CMakeFiles/cmTryCompileExec1382748541.dir/CheckSymbolExists.cxx.o -c /home/harit/workspace/gsoc16/robocomp/components/prp/components/CNNOD/CMakeFiles/CMakeTmp/CheckSymbolExists.cxx
/home/harit/workspace/gsoc16/robocomp/components/prp/components/CNNOD/CMakeFiles/CMakeTmp/CheckSymbolExists.cxx: In function ‘int main(int, char**)’:
/home/harit/workspace/gsoc16/robocomp/components/prp/components/CNNOD/CMakeFiles/CMakeTmp/CheckSymbolExists.cxx:8:19: error: ‘Q_WS_MAC’ was not declared in this scope
   return ((int*)(&Q_WS_MAC))[argc];
                   ^
make[1]: *** [CMakeFiles/cmTryCompileExec1382748541.dir/CheckSymbolExists.cxx.o] Error 1
make[1]: Leaving directory `/home/harit/workspace/gsoc16/robocomp/components/prp/components/CNNOD/CMakeFiles/CMakeTmp'
make: *** [cmTryCompileExec1382748541/fast] Error 2

File /home/harit/workspace/gsoc16/robocomp/components/prp/components/CNNOD/CMakeFiles/CMakeTmp/CheckSymbolExists.cxx:
/* */
#include <QtCore/qglobal.h>

int main(int argc, char** argv)
{
  (void)argv;
#ifndef Q_WS_MAC
  return ((int*)(&Q_WS_MAC))[argc];
#else
  (void)argc;
  return 0;
#endif
}

Determining if the Q_WS_WIN exist failed with the following output:
Change Dir: /home/harit/workspace/gsoc16/robocomp/components/prp/components/objectDetectionCNN/CMakeFiles/CMakeTmp

Run Build Command:/usr/bin/make "cmTryCompileExec2968178240/fast"
/usr/bin/make -f CMakeFiles/cmTryCompileExec2968178240.dir/build.make CMakeFiles/cmTryCompileExec2968178240.dir/build
make[1]: Entering directory `/home/harit/workspace/gsoc16/robocomp/components/prp/components/objectDetectionCNN/CMakeFiles/CMakeTmp'
/usr/bin/cmake -E cmake_progress_report /home/harit/workspace/gsoc16/robocomp/components/prp/components/objectDetectionCNN/CMakeFiles/CMakeTmp/CMakeFiles 1
Building CXX object CMakeFiles/cmTryCompileExec2968178240.dir/CheckSymbolExists.cxx.o
/usr/bin/c++    -I/usr/include/qt4    -o CMakeFiles/cmTryCompileExec2968178240.dir/CheckSymbolExists.cxx.o -c /home/harit/workspace/gsoc16/robocomp/components/prp/components/objectDetectionCNN/CMakeFiles/CMakeTmp/CheckSymbolExists.cxx
/home/harit/workspace/gsoc16/robocomp/components/prp/components/objectDetectionCNN/CMakeFiles/CMakeTmp/CheckSymbolExists.cxx: In function ‘int main(int, char**)’:
/home/harit/workspace/gsoc16/robocomp/components/prp/components/objectDetectionCNN/CMakeFiles/CMakeTmp/CheckSymbolExists.cxx:8:19: error: ‘Q_WS_WIN’ was not declared in this scope
   return ((int*)(&Q_WS_WIN))[argc];
                   ^
make[1]: *** [CMakeFiles/cmTryCompileExec2968178240.dir/CheckSymbolExists.cxx.o] Error 1
make[1]: Leaving directory `/home/harit/workspace/gsoc16/robocomp/components/prp/components/objectDetectionCNN/CMakeFiles/CMakeTmp'
make: *** [cmTryCompileExec2968178240/fast] Error 2

File /home/harit/workspace/gsoc16/robocomp/components/prp/components/objectDetectionCNN/CMakeFiles/CMakeTmp/CheckSymbolExists.cxx:
/* */
#include <QtCore/qglobal.h>

int main(int argc, char** argv)
{
  (void)argv;
#ifndef Q_WS_WIN
  return ((int*)(&Q_WS_WIN))[argc];
#else
  (void)argc;
  return 0;
#endif
}

Determining if the Q_WS_QWS exist failed with the following output:
Change Dir: /home/harit/workspace/gsoc16/robocomp/components/prp/components/objectDetectionCNN/CMakeFiles/CMakeTmp

Run Build Command:/usr/bin/make "cmTryCompileExec658252841/fast"
/usr/bin/make -f CMakeFiles/cmTryCompileExec658252841.dir/build.make CMakeFiles/cmTryCompileExec658252841.dir/build
make[1]: Entering directory `/home/harit/workspace/gsoc16/robocomp/components/prp/components/objectDetectionCNN/CMakeFiles/CMakeTmp'
/usr/bin/cmake -E cmake_progress_report /home/harit/workspace/gsoc16/robocomp/components/prp/components/objectDetectionCNN/CMakeFiles/CMakeTmp/CMakeFiles 1
Building CXX object CMakeFiles/cmTryCompileExec658252841.dir/CheckSymbolExists.cxx.o
/usr/bin/c++    -I/usr/include/qt4    -o CMakeFiles/cmTryCompileExec658252841.dir/CheckSymbolExists.cxx.o -c /home/harit/workspace/gsoc16/robocomp/components/prp/components/objectDetectionCNN/CMakeFiles/CMakeTmp/CheckSymbolExists.cxx
/home/harit/workspace/gsoc16/robocomp/components/prp/components/objectDetectionCNN/CMakeFiles/CMakeTmp/CheckSymbolExists.cxx: In function ‘int main(int, char**)’:
/home/harit/workspace/gsoc16/robocomp/components/prp/components/objectDetectionCNN/CMakeFiles/CMakeTmp/CheckSymbolExists.cxx:8:19: error: ‘Q_WS_QWS’ was not declared in this scope
   return ((int*)(&Q_WS_QWS))[argc];
                   ^
make[1]: *** [CMakeFiles/cmTryCompileExec658252841.dir/CheckSymbolExists.cxx.o] Error 1
make[1]: Leaving directory `/home/harit/workspace/gsoc16/robocomp/components/prp/components/objectDetectionCNN/CMakeFiles/CMakeTmp'
make: *** [cmTryCompileExec658252841/fast] Error 2

File /home/harit/workspace/gsoc16/robocomp/components/prp/components/objectDetectionCNN/CMakeFiles/CMakeTmp/CheckSymbolExists.cxx:
/* */
#include <QtCore/qglobal.h>

int main(int argc, char** argv)
{
  (void)argv;
#ifndef Q_WS_QWS
  return ((int*)(&Q_WS_QWS))[argc];
#else
  (void)argc;
  return 0;
#endif
}

Determining if the Q_WS_MAC exist failed with the following output:
Change Dir: /home/harit/workspace/gsoc16/robocomp/components/prp/components/objectDetectionCNN/CMakeFiles/CMakeTmp

Run Build Command:/usr/bin/make "cmTryCompileExec3024487664/fast"
/usr/bin/make -f CMakeFiles/cmTryCompileExec3024487664.dir/build.make CMakeFiles/cmTryCompileExec3024487664.dir/build
make[1]: Entering directory `/home/harit/workspace/gsoc16/robocomp/components/prp/components/objectDetectionCNN/CMakeFiles/CMakeTmp'
/usr/bin/cmake -E cmake_progress_report /home/harit/workspace/gsoc16/robocomp/components/prp/components/objectDetectionCNN/CMakeFiles/CMakeTmp/CMakeFiles 1
Building CXX object CMakeFiles/cmTryCompileExec3024487664.dir/CheckSymbolExists.cxx.o
/usr/bin/c++    -I/usr/include/qt4    -o CMakeFiles/cmTryCompileExec3024487664.dir/CheckSymbolExists.cxx.o -c /home/harit/workspace/gsoc16/robocomp/components/prp/components/objectDetectionCNN/CMakeFiles/CMakeTmp/CheckSymbolExists.cxx
/home/harit/workspace/gsoc16/robocomp/components/prp/components/objectDetectionCNN/CMakeFiles/CMakeTmp/CheckSymbolExists.cxx: In function ‘int main(int, char**)’:
/home/harit/workspace/gsoc16/robocomp/components/prp/components/objectDetectionCNN/CMakeFiles/CMakeTmp/CheckSymbolExists.cxx:8:19: error: ‘Q_WS_MAC’ was not declared in this scope
   return ((int*)(&Q_WS_MAC))[argc];
                   ^
make[1]: *** [CMakeFiles/cmTryCompileExec3024487664.dir/CheckSymbolExists.cxx.o] Error 1
make[1]: Leaving directory `/home/harit/workspace/gsoc16/robocomp/components/prp/components/objectDetectionCNN/CMakeFiles/CMakeTmp'
make: *** [cmTryCompileExec3024487664/fast] Error 2

File /home/harit/workspace/gsoc16/robocomp/components/prp/components/objectDetectionCNN/CMakeFiles/CMakeTmp/CheckSymbolExists.cxx:
/* */
#include <QtCore/qglobal.h>

int main(int argc, char** argv)
{
  (void)argv;
#ifndef Q_WS_MAC
  return ((int*)(&Q_WS_MAC))[argc];
#else
  (void)argc;
  return 0;
#endif
}

Determining if the Q_WS_WIN exist failed with the following output:
Change Dir: /home/harit/workspace/gsoc16/robocomp/components/prp/components/objectDetectionCNN/CMakeFiles/CMakeTmp

Run Build Command:/usr/bin/make "cmTryCompileExec1318895116/fast"
make[1]: Entering directory `/home/harit/workspace/gsoc16/robocomp/components/prp/components/objectDetectionCNN/CMakeFiles/CMakeTmp'
/usr/bin/make -f CMakeFiles/cmTryCompileExec1318895116.dir/build.make CMakeFiles/cmTryCompileExec1318895116.dir/build
make[2]: Entering directory `/home/harit/workspace/gsoc16/robocomp/components/prp/components/objectDetectionCNN/CMakeFiles/CMakeTmp'
/usr/bin/cmake -E cmake_progress_report /home/harit/workspace/gsoc16/robocomp/components/prp/components/objectDetectionCNN/CMakeFiles/CMakeTmp/CMakeFiles 1
Building CXX object CMakeFiles/cmTryCompileExec1318895116.dir/CheckSymbolExists.cxx.o
/usr/bin/c++    -I/usr/include/qt4    -o CMakeFiles/cmTryCompileExec1318895116.dir/CheckSymbolExists.cxx.o -c /home/harit/workspace/gsoc16/robocomp/components/prp/components/objectDetectionCNN/CMakeFiles/CMakeTmp/CheckSymbolExists.cxx
/home/harit/workspace/gsoc16/robocomp/components/prp/components/objectDetectionCNN/CMakeFiles/CMakeTmp/CheckSymbolExists.cxx: In function ‘int main(int, char**)’:
/home/harit/workspace/gsoc16/robocomp/components/prp/components/objectDetectionCNN/CMakeFiles/CMakeTmp/CheckSymbolExists.cxx:8:19: error: ‘Q_WS_WIN’ was not declared in this scope
   return ((int*)(&Q_WS_WIN))[argc];
                   ^
make[2]: *** [CMakeFiles/cmTryCompileExec1318895116.dir/CheckSymbolExists.cxx.o] Error 1
make[2]: Leaving directory `/home/harit/workspace/gsoc16/robocomp/components/prp/components/objectDetectionCNN/CMakeFiles/CMakeTmp'
make[1]: *** [cmTryCompileExec1318895116/fast] Error 2
make[1]: Leaving directory `/home/harit/workspace/gsoc16/robocomp/components/prp/components/objectDetectionCNN/CMakeFiles/CMakeTmp'

File /home/harit/workspace/gsoc16/robocomp/components/prp/components/objectDetectionCNN/CMakeFiles/CMakeTmp/CheckSymbolExists.cxx:
/* */
#include <QtCore/qglobal.h>

int main(int argc, char** argv)
{
  (void)argv;
#ifndef Q_WS_WIN
  return ((int*)(&Q_WS_WIN))[argc];
#else
  (void)argc;
  return 0;
#endif
}

Determining if the Q_WS_QWS exist failed with the following output:
Change Dir: /home/harit/workspace/gsoc16/robocomp/components/prp/components/objectDetectionCNN/CMakeFiles/CMakeTmp

Run Build Command:/usr/bin/make "cmTryCompileExec2378122985/fast"
make[1]: Entering directory `/home/harit/workspace/gsoc16/robocomp/components/prp/components/objectDetectionCNN/CMakeFiles/CMakeTmp'
/usr/bin/make -f CMakeFiles/cmTryCompileExec2378122985.dir/build.make CMakeFiles/cmTryCompileExec2378122985.dir/build
make[2]: Entering directory `/home/harit/workspace/gsoc16/robocomp/components/prp/components/objectDetectionCNN/CMakeFiles/CMakeTmp'
/usr/bin/cmake -E cmake_progress_report /home/harit/workspace/gsoc16/robocomp/components/prp/components/objectDetectionCNN/CMakeFiles/CMakeTmp/CMakeFiles 1
Building CXX object CMakeFiles/cmTryCompileExec2378122985.dir/CheckSymbolExists.cxx.o
/usr/bin/c++    -I/usr/include/qt4    -o CMakeFiles/cmTryCompileExec2378122985.dir/CheckSymbolExists.cxx.o -c /home/harit/workspace/gsoc16/robocomp/components/prp/components/objectDetectionCNN/CMakeFiles/CMakeTmp/CheckSymbolExists.cxx
/home/harit/workspace/gsoc16/robocomp/components/prp/components/objectDetectionCNN/CMakeFiles/CMakeTmp/CheckSymbolExists.cxx: In function ‘int main(int, char**)’:
/home/harit/workspace/gsoc16/robocomp/components/prp/components/objectDetectionCNN/CMakeFiles/CMakeTmp/CheckSymbolExists.cxx:8:19: error: ‘Q_WS_QWS’ was not declared in this scope
   return ((int*)(&Q_WS_QWS))[argc];
                   ^
make[2]: *** [CMakeFiles/cmTryCompileExec2378122985.dir/CheckSymbolExists.cxx.o] Error 1
make[2]: Leaving directory `/home/harit/workspace/gsoc16/robocomp/components/prp/components/objectDetectionCNN/CMakeFiles/CMakeTmp'
make[1]: *** [cmTryCompileExec2378122985/fast] Error 2
make[1]: Leaving directory `/home/harit/workspace/gsoc16/robocomp/components/prp/components/objectDetectionCNN/CMakeFiles/CMakeTmp'

File /home/harit/workspace/gsoc16/robocomp/components/prp/components/objectDetectionCNN/CMakeFiles/CMakeTmp/CheckSymbolExists.cxx:
/* */
#include <QtCore/qglobal.h>

int main(int argc, char** argv)
{
  (void)argv;
#ifndef Q_WS_QWS
  return ((int*)(&Q_WS_QWS))[argc];
#else
  (void)argc;
  return 0;
#endif
}

Determining if the Q_WS_MAC exist failed with the following output:
Change Dir: /home/harit/workspace/gsoc16/robocomp/components/prp/components/objectDetectionCNN/CMakeFiles/CMakeTmp

Run Build Command:/usr/bin/make "cmTryCompileExec668839883/fast"
make[1]: Entering directory `/home/harit/workspace/gsoc16/robocomp/components/prp/components/objectDetectionCNN/CMakeFiles/CMakeTmp'
/usr/bin/make -f CMakeFiles/cmTryCompileExec668839883.dir/build.make CMakeFiles/cmTryCompileExec668839883.dir/build
make[2]: Entering directory `/home/harit/workspace/gsoc16/robocomp/components/prp/components/objectDetectionCNN/CMakeFiles/CMakeTmp'
/usr/bin/cmake -E cmake_progress_report /home/harit/workspace/gsoc16/robocomp/components/prp/components/objectDetectionCNN/CMakeFiles/CMakeTmp/CMakeFiles 1
Building CXX object CMakeFiles/cmTryCompileExec668839883.dir/CheckSymbolExists.cxx.o
/usr/bin/c++    -I/usr/include/qt4    -o CMakeFiles/cmTryCompileExec668839883.dir/CheckSymbolExists.cxx.o -c /home/harit/workspace/gsoc16/robocomp/components/prp/components/objectDetectionCNN/CMakeFiles/CMakeTmp/CheckSymbolExists.cxx
/home/harit/workspace/gsoc16/robocomp/components/prp/components/objectDetectionCNN/CMakeFiles/CMakeTmp/CheckSymbolExists.cxx: In function ‘int main(int, char**)’:
/home/harit/workspace/gsoc16/robocomp/components/prp/components/objectDetectionCNN/CMakeFiles/CMakeTmp/CheckSymbolExists.cxx:8:19: error: ‘Q_WS_MAC’ was not declared in this scope
   return ((int*)(&Q_WS_MAC))[argc];
                   ^
make[2]: *** [CMakeFiles/cmTryCompileExec668839883.dir/CheckSymbolExists.cxx.o] Error 1
make[2]: Leaving directory `/home/harit/workspace/gsoc16/robocomp/components/prp/components/objectDetectionCNN/CMakeFiles/CMakeTmp'
make[1]: *** [cmTryCompileExec668839883/fast] Error 2
make[1]: Leaving directory `/home/harit/workspace/gsoc16/robocomp/components/prp/components/objectDetectionCNN/CMakeFiles/CMakeTmp'

File /home/harit/workspace/gsoc16/robocomp/components/prp/components/objectDetectionCNN/CMakeFiles/CMakeTmp/CheckSymbolExists.cxx:
/* */
#include <QtCore/qglobal.h>

int main(int argc, char** argv)
{
  (void)argv;
#ifndef Q_WS_MAC
  return ((int*)(&Q_WS_MAC))[argc];
#else
  (void)argc;
  return 0;
#endif
}

