Determining if the Q_WS_WIN exist failed with the following output:
Change Dir: /home/harit/workspace/gsoc16/robocomp/components/prp/components/RenderOSG/CMakeFiles/CMakeTmp

Run Build Command:/usr/bin/make "cmTryCompileExec1249937366/fast"
/usr/bin/make -f CMakeFiles/cmTryCompileExec1249937366.dir/build.make CMakeFiles/cmTryCompileExec1249937366.dir/build
make[1]: Entering directory `/home/harit/workspace/gsoc16/robocomp/components/prp/components/RenderOSG/CMakeFiles/CMakeTmp'
/usr/bin/cmake -E cmake_progress_report /home/harit/workspace/gsoc16/robocomp/components/prp/components/RenderOSG/CMakeFiles/CMakeTmp/CMakeFiles 1
Building CXX object CMakeFiles/cmTryCompileExec1249937366.dir/CheckSymbolExists.cxx.o
/usr/bin/c++    -I/usr/include/qt4    -o CMakeFiles/cmTryCompileExec1249937366.dir/CheckSymbolExists.cxx.o -c /home/harit/workspace/gsoc16/robocomp/components/prp/components/RenderOSG/CMakeFiles/CMakeTmp/CheckSymbolExists.cxx
/home/harit/workspace/gsoc16/robocomp/components/prp/components/RenderOSG/CMakeFiles/CMakeTmp/CheckSymbolExists.cxx: In function ‘int main(int, char**)’:
/home/harit/workspace/gsoc16/robocomp/components/prp/components/RenderOSG/CMakeFiles/CMakeTmp/CheckSymbolExists.cxx:8:19: error: ‘Q_WS_WIN’ was not declared in this scope
   return ((int*)(&Q_WS_WIN))[argc];
                   ^
make[1]: *** [CMakeFiles/cmTryCompileExec1249937366.dir/CheckSymbolExists.cxx.o] Error 1
make[1]: Leaving directory `/home/harit/workspace/gsoc16/robocomp/components/prp/components/RenderOSG/CMakeFiles/CMakeTmp'
make: *** [cmTryCompileExec1249937366/fast] Error 2

File /home/harit/workspace/gsoc16/robocomp/components/prp/components/RenderOSG/CMakeFiles/CMakeTmp/CheckSymbolExists.cxx:
/* */
#include <QtCore/qglobal.h>

int main(int argc, char** argv)
{
  (void)argv;
#ifndef Q_WS_WIN
  return ((int*)(&Q_WS_WIN))[argc];
#else
  (void)argc;
  return 0;
#endif
}

Determining if the Q_WS_QWS exist failed with the following output:
Change Dir: /home/harit/workspace/gsoc16/robocomp/components/prp/components/RenderOSG/CMakeFiles/CMakeTmp

Run Build Command:/usr/bin/make "cmTryCompileExec3462746026/fast"
/usr/bin/make -f CMakeFiles/cmTryCompileExec3462746026.dir/build.make CMakeFiles/cmTryCompileExec3462746026.dir/build
make[1]: Entering directory `/home/harit/workspace/gsoc16/robocomp/components/prp/components/RenderOSG/CMakeFiles/CMakeTmp'
/usr/bin/cmake -E cmake_progress_report /home/harit/workspace/gsoc16/robocomp/components/prp/components/RenderOSG/CMakeFiles/CMakeTmp/CMakeFiles 1
Building CXX object CMakeFiles/cmTryCompileExec3462746026.dir/CheckSymbolExists.cxx.o
/usr/bin/c++    -I/usr/include/qt4    -o CMakeFiles/cmTryCompileExec3462746026.dir/CheckSymbolExists.cxx.o -c /home/harit/workspace/gsoc16/robocomp/components/prp/components/RenderOSG/CMakeFiles/CMakeTmp/CheckSymbolExists.cxx
/home/harit/workspace/gsoc16/robocomp/components/prp/components/RenderOSG/CMakeFiles/CMakeTmp/CheckSymbolExists.cxx: In function ‘int main(int, char**)’:
/home/harit/workspace/gsoc16/robocomp/components/prp/components/RenderOSG/CMakeFiles/CMakeTmp/CheckSymbolExists.cxx:8:19: error: ‘Q_WS_QWS’ was not declared in this scope
   return ((int*)(&Q_WS_QWS))[argc];
                   ^
make[1]: Leaving directory `/home/harit/workspace/gsoc16/robocomp/components/prp/components/RenderOSG/CMakeFiles/CMakeTmp'
make[1]: *** [CMakeFiles/cmTryCompileExec3462746026.dir/CheckSymbolExists.cxx.o] Error 1
make: *** [cmTryCompileExec3462746026/fast] Error 2

File /home/harit/workspace/gsoc16/robocomp/components/prp/components/RenderOSG/CMakeFiles/CMakeTmp/CheckSymbolExists.cxx:
/* */
#include <QtCore/qglobal.h>

int main(int argc, char** argv)
{
  (void)argv;
#ifndef Q_WS_QWS
  return ((int*)(&Q_WS_QWS))[argc];
#else
  (void)argc;
  return 0;
#endif
}

Determining if the Q_WS_MAC exist failed with the following output:
Change Dir: /home/harit/workspace/gsoc16/robocomp/components/prp/components/RenderOSG/CMakeFiles/CMakeTmp

Run Build Command:/usr/bin/make "cmTryCompileExec2644151393/fast"
/usr/bin/make -f CMakeFiles/cmTryCompileExec2644151393.dir/build.make CMakeFiles/cmTryCompileExec2644151393.dir/build
make[1]: Entering directory `/home/harit/workspace/gsoc16/robocomp/components/prp/components/RenderOSG/CMakeFiles/CMakeTmp'
/usr/bin/cmake -E cmake_progress_report /home/harit/workspace/gsoc16/robocomp/components/prp/components/RenderOSG/CMakeFiles/CMakeTmp/CMakeFiles 1
Building CXX object CMakeFiles/cmTryCompileExec2644151393.dir/CheckSymbolExists.cxx.o
/usr/bin/c++    -I/usr/include/qt4    -o CMakeFiles/cmTryCompileExec2644151393.dir/CheckSymbolExists.cxx.o -c /home/harit/workspace/gsoc16/robocomp/components/prp/components/RenderOSG/CMakeFiles/CMakeTmp/CheckSymbolExists.cxx
/home/harit/workspace/gsoc16/robocomp/components/prp/components/RenderOSG/CMakeFiles/CMakeTmp/CheckSymbolExists.cxx: In function ‘int main(int, char**)’:
/home/harit/workspace/gsoc16/robocomp/components/prp/components/RenderOSG/CMakeFiles/CMakeTmp/CheckSymbolExists.cxx:8:19: error: ‘Q_WS_MAC’ was not declared in this scope
   return ((int*)(&Q_WS_MAC))[argc];
                   ^
make[1]: *** [CMakeFiles/cmTryCompileExec2644151393.dir/CheckSymbolExists.cxx.o] Error 1
make[1]: Leaving directory `/home/harit/workspace/gsoc16/robocomp/components/prp/components/RenderOSG/CMakeFiles/CMakeTmp'
make: *** [cmTryCompileExec2644151393/fast] Error 2

File /home/harit/workspace/gsoc16/robocomp/components/prp/components/RenderOSG/CMakeFiles/CMakeTmp/CheckSymbolExists.cxx:
/* */
#include <QtCore/qglobal.h>

int main(int argc, char** argv)
{
  (void)argv;
#ifndef Q_WS_MAC
  return ((int*)(&Q_WS_MAC))[argc];
#else
  (void)argc;
  return 0;
#endif
}

Determining if the Q_WS_WIN exist failed with the following output:
Change Dir: /home/harit/workspace/gsoc16/robocomp/components/prp/components/RenderOSG/CMakeFiles/CMakeTmp

Run Build Command:/usr/bin/make "cmTryCompileExec2534242766/fast"
/usr/bin/make -f CMakeFiles/cmTryCompileExec2534242766.dir/build.make CMakeFiles/cmTryCompileExec2534242766.dir/build
make[1]: Entering directory `/home/harit/workspace/gsoc16/robocomp/components/prp/components/RenderOSG/CMakeFiles/CMakeTmp'
/usr/bin/cmake -E cmake_progress_report /home/harit/workspace/gsoc16/robocomp/components/prp/components/RenderOSG/CMakeFiles/CMakeTmp/CMakeFiles 1
Building CXX object CMakeFiles/cmTryCompileExec2534242766.dir/CheckSymbolExists.cxx.o
/usr/bin/c++    -I/usr/include/qt4    -o CMakeFiles/cmTryCompileExec2534242766.dir/CheckSymbolExists.cxx.o -c /home/harit/workspace/gsoc16/robocomp/components/prp/components/RenderOSG/CMakeFiles/CMakeTmp/CheckSymbolExists.cxx
/home/harit/workspace/gsoc16/robocomp/components/prp/components/RenderOSG/CMakeFiles/CMakeTmp/CheckSymbolExists.cxx: In function ‘int main(int, char**)’:
/home/harit/workspace/gsoc16/robocomp/components/prp/components/RenderOSG/CMakeFiles/CMakeTmp/CheckSymbolExists.cxx:8:19: error: ‘Q_WS_WIN’ was not declared in this scope
   return ((int*)(&Q_WS_WIN))[argc];
                   ^
make[1]: *** [CMakeFiles/cmTryCompileExec2534242766.dir/CheckSymbolExists.cxx.o] Error 1
make[1]: Leaving directory `/home/harit/workspace/gsoc16/robocomp/components/prp/components/RenderOSG/CMakeFiles/CMakeTmp'
make: *** [cmTryCompileExec2534242766/fast] Error 2

File /home/harit/workspace/gsoc16/robocomp/components/prp/components/RenderOSG/CMakeFiles/CMakeTmp/CheckSymbolExists.cxx:
/* */
#include <QtCore/qglobal.h>

int main(int argc, char** argv)
{
  (void)argv;
#ifndef Q_WS_WIN
  return ((int*)(&Q_WS_WIN))[argc];
#else
  (void)argc;
  return 0;
#endif
}

Determining if the Q_WS_QWS exist failed with the following output:
Change Dir: /home/harit/workspace/gsoc16/robocomp/components/prp/components/RenderOSG/CMakeFiles/CMakeTmp

Run Build Command:/usr/bin/make "cmTryCompileExec2968456556/fast"
/usr/bin/make -f CMakeFiles/cmTryCompileExec2968456556.dir/build.make CMakeFiles/cmTryCompileExec2968456556.dir/build
make[1]: Entering directory `/home/harit/workspace/gsoc16/robocomp/components/prp/components/RenderOSG/CMakeFiles/CMakeTmp'
/usr/bin/cmake -E cmake_progress_report /home/harit/workspace/gsoc16/robocomp/components/prp/components/RenderOSG/CMakeFiles/CMakeTmp/CMakeFiles 1
Building CXX object CMakeFiles/cmTryCompileExec2968456556.dir/CheckSymbolExists.cxx.o
/usr/bin/c++    -I/usr/include/qt4    -o CMakeFiles/cmTryCompileExec2968456556.dir/CheckSymbolExists.cxx.o -c /home/harit/workspace/gsoc16/robocomp/components/prp/components/RenderOSG/CMakeFiles/CMakeTmp/CheckSymbolExists.cxx
/home/harit/workspace/gsoc16/robocomp/components/prp/components/RenderOSG/CMakeFiles/CMakeTmp/CheckSymbolExists.cxx: In function ‘int main(int, char**)’:
/home/harit/workspace/gsoc16/robocomp/components/prp/components/RenderOSG/CMakeFiles/CMakeTmp/CheckSymbolExists.cxx:8:19: error: ‘Q_WS_QWS’ was not declared in this scope
   return ((int*)(&Q_WS_QWS))[argc];
                   ^
make[1]: *** [CMakeFiles/cmTryCompileExec2968456556.dir/CheckSymbolExists.cxx.o] Error 1
make[1]: Leaving directory `/home/harit/workspace/gsoc16/robocomp/components/prp/components/RenderOSG/CMakeFiles/CMakeTmp'
make: *** [cmTryCompileExec2968456556/fast] Error 2

File /home/harit/workspace/gsoc16/robocomp/components/prp/components/RenderOSG/CMakeFiles/CMakeTmp/CheckSymbolExists.cxx:
/* */
#include <QtCore/qglobal.h>

int main(int argc, char** argv)
{
  (void)argv;
#ifndef Q_WS_QWS
  return ((int*)(&Q_WS_QWS))[argc];
#else
  (void)argc;
  return 0;
#endif
}

Determining if the Q_WS_MAC exist failed with the following output:
Change Dir: /home/harit/workspace/gsoc16/robocomp/components/prp/components/RenderOSG/CMakeFiles/CMakeTmp

Run Build Command:/usr/bin/make "cmTryCompileExec1557260897/fast"
/usr/bin/make -f CMakeFiles/cmTryCompileExec1557260897.dir/build.make CMakeFiles/cmTryCompileExec1557260897.dir/build
make[1]: Entering directory `/home/harit/workspace/gsoc16/robocomp/components/prp/components/RenderOSG/CMakeFiles/CMakeTmp'
/usr/bin/cmake -E cmake_progress_report /home/harit/workspace/gsoc16/robocomp/components/prp/components/RenderOSG/CMakeFiles/CMakeTmp/CMakeFiles 1
Building CXX object CMakeFiles/cmTryCompileExec1557260897.dir/CheckSymbolExists.cxx.o
/usr/bin/c++    -I/usr/include/qt4    -o CMakeFiles/cmTryCompileExec1557260897.dir/CheckSymbolExists.cxx.o -c /home/harit/workspace/gsoc16/robocomp/components/prp/components/RenderOSG/CMakeFiles/CMakeTmp/CheckSymbolExists.cxx
/home/harit/workspace/gsoc16/robocomp/components/prp/components/RenderOSG/CMakeFiles/CMakeTmp/CheckSymbolExists.cxx: In function ‘int main(int, char**)’:
/home/harit/workspace/gsoc16/robocomp/components/prp/components/RenderOSG/CMakeFiles/CMakeTmp/CheckSymbolExists.cxx:8:19: error: ‘Q_WS_MAC’ was not declared in this scope
   return ((int*)(&Q_WS_MAC))[argc];
                   ^
make[1]: *** [CMakeFiles/cmTryCompileExec1557260897.dir/CheckSymbolExists.cxx.o] Error 1
make[1]: Leaving directory `/home/harit/workspace/gsoc16/robocomp/components/prp/components/RenderOSG/CMakeFiles/CMakeTmp'
make: *** [cmTryCompileExec1557260897/fast] Error 2

File /home/harit/workspace/gsoc16/robocomp/components/prp/components/RenderOSG/CMakeFiles/CMakeTmp/CheckSymbolExists.cxx:
/* */
#include <QtCore/qglobal.h>

int main(int argc, char** argv)
{
  (void)argv;
#ifndef Q_WS_MAC
  return ((int*)(&Q_WS_MAC))[argc];
#else
  (void)argc;
  return 0;
#endif
}

